2026-05-21T02:04:44.235+05:30  INFO 13597 --- [backend] [main] com.EP.backend.BackendApplication        : Starting BackendApplication using Java 21.0.10 with PID 13597 (/Users/podup/Documents/Users/backend/target/classes started by podup in /Users/podup/Documents/Users/backend)
2026-05-21T02:04:44.236+05:30 DEBUG 13597 --- [backend] [main] com.EP.backend.BackendApplication        : Running with Spring Boot v4.0.6, Spring v7.0.7
2026-05-21T02:04:44.236+05:30  INFO 13597 --- [backend] [main] com.EP.backend.BackendApplication        : No active profile set, falling back to 1 default profile: "default"
2026-05-21T02:04:44.500+05:30  INFO 13597 --- [backend] [main] .s.d.r.c.RepositoryConfigurationDelegate : Bootstrapping Spring Data JPA repositories in DEFAULT mode.
2026-05-21T02:04:44.521+05:30  INFO 13597 --- [backend] [main] .s.d.r.c.RepositoryConfigurationDelegate : Finished Spring Data repository scanning in 17 ms. Found 1 JPA repository interface.
2026-05-21T02:04:44.707+05:30  INFO 13597 --- [backend] [main] o.s.boot.tomcat.TomcatWebServer          : Tomcat initialized with port 9001 (http)
2026-05-21T02:04:44.714+05:30  INFO 13597 --- [backend] [main] o.apache.catalina.core.StandardService   : Starting service [Tomcat]
2026-05-21T02:04:44.714+05:30  INFO 13597 --- [backend] [main] o.apache.catalina.core.StandardEngine    : Starting Servlet engine: [Apache Tomcat/11.0.21]
2026-05-21T02:04:44.736+05:30  INFO 13597 --- [backend] [main] b.w.c.s.WebApplicationContextInitializer : Root WebApplicationContext: initialization completed in 476 ms
2026-05-21T02:04:44.803+05:30  INFO 13597 --- [backend] [main] com.zaxxer.hikari.HikariDataSource       : HikariPool-1 - Starting...
2026-05-21T02:04:44.901+05:30  INFO 13597 --- [backend] [main] com.zaxxer.hikari.pool.HikariPool        : HikariPool-1 - Added connection conn0: url=jdbc:h2:mem:87d39a51-0912-4ab7-af3e-e5aa800b57dc user=SA
2026-05-21T02:04:44.902+05:30  INFO 13597 --- [backend] [main] com.zaxxer.hikari.HikariDataSource       : HikariPool-1 - Start completed.
2026-05-21T02:04:44.921+05:30  INFO 13597 --- [backend] [main] org.hibernate.orm.jpa                    : HHH008540: Processing PersistenceUnitInfo [name: default]
2026-05-21T02:04:45.017+05:30  INFO 13597 --- [backend] [main] org.hibernate.orm.core                   : HHH000001: Hibernate ORM core version 7.2.12.Final
2026-05-21T02:04:45.226+05:30  INFO 13597 --- [backend] [main] o.s.o.j.p.SpringPersistenceUnitInfo      : No LoadTimeWeaver setup: ignoring JPA class transformer
2026-05-21T02:04:45.269+05:30  INFO 13597 --- [backend] [main] org.hibernate.orm.connections.pooling    : HHH10001005: Database info:
	Database JDBC URL [jdbc:h2:mem:87d39a51-0912-4ab7-af3e-e5aa800b57dc]
	Database driver: H2 JDBC Driver
	Database dialect: H2Dialect
	Database version: 2.4.240
	Default catalog/schema: 87D39A51-0912-4AB7-AF3E-E5AA800B57DC/PUBLIC
	Autocommit mode: undefined/unknown
	Isolation level: READ_COMMITTED [default READ_COMMITTED]
	JDBC fetch size: 100
	Pool: DataSourceConnectionProvider
	Minimum pool size: undefined/unknown
	Maximum pool size: undefined/unknown
2026-05-21T02:04:45.729+05:30  INFO 13597 --- [backend] [main] org.hibernate.orm.core                   : HHH000489: No JTA platform available (set 'hibernate.transaction.jta.platform' to enable JTA platform integration)
2026-05-21T02:04:45.752+05:30  INFO 13597 --- [backend] [main] j.LocalContainerEntityManagerFactoryBean : Initialized JPA EntityManagerFactory for persistence unit 'default'
2026-05-21T02:04:45.801+05:30  INFO 13597 --- [backend] [main] o.s.d.j.r.query.QueryEnhancerFactories   : Hibernate is in classpath; If applicable, HQL parser will be used.
2026-05-21T02:04:45.859+05:30  WARN 13597 --- [backend] [main] JpaBaseConfiguration$JpaWebConfiguration : spring.jpa.open-in-view is enabled by default. Therefore, database queries may be performed during view rendering. Explicitly configure spring.jpa.open-in-view to disable this warning
2026-05-21T02:04:46.006+05:30  WARN 13597 --- [backend] [main] ConfigServletWebServerApplicationContext : Exception encountered during context initialization - cancelling refresh attempt: org.springframework.context.ApplicationContextException: Failed to start bean 'webServerStartStop'
2026-05-21T02:04:46.006+05:30  INFO 13597 --- [backend] [main] j.LocalContainerEntityManagerFactoryBean : Closing JPA EntityManagerFactory for persistence unit 'default'
2026-05-21T02:04:46.008+05:30  INFO 13597 --- [backend] [main] com.zaxxer.hikari.HikariDataSource       : HikariPool-1 - Shutdown initiated...
2026-05-21T02:04:46.009+05:30  INFO 13597 --- [backend] [main] com.zaxxer.hikari.HikariDataSource       : HikariPool-1 - Shutdown completed.
2026-05-21T02:04:46.013+05:30  INFO 13597 --- [backend] [main] .s.b.a.l.ConditionEvaluationReportLogger : 

Error starting ApplicationContext. To display the condition evaluation report re-run your application with 'debug' enabled.
2026-05-21T02:04:46.020+05:30 ERROR 13597 --- [backend] [main] o.s.b.d.LoggingFailureAnalysisReporter   : 

***************************
APPLICATION FAILED TO START
***************************

Description:

Web server failed to start. Port 9001 was already in use.

Action:

Identify and stop the process that's listening on port 9001 or configure this application to listen on another port.

2026-05-21T02:06:57.177+05:30  INFO 18221 --- [backend] [restartedMain] com.EP.backend.BackendApplication        : Starting BackendApplication using Java 21.0.10 with PID 18221 (/Users/podup/Documents/Users/backend/target/classes started by podup in /Users/podup/Documents/Users/backend)
2026-05-21T02:06:57.178+05:30 DEBUG 18221 --- [backend] [restartedMain] com.EP.backend.BackendApplication        : Running with Spring Boot v4.0.6, Spring v7.0.7
2026-05-21T02:06:57.179+05:30  INFO 18221 --- [backend] [restartedMain] com.EP.backend.BackendApplication        : No active profile set, falling back to 1 default profile: "default"
2026-05-21T02:06:57.203+05:30  INFO 18221 --- [backend] [restartedMain] .e.DevToolsPropertyDefaultsPostProcessor : Devtools property defaults active! Set 'spring.devtools.add-properties' to 'false' to disable
2026-05-21T02:06:57.203+05:30  INFO 18221 --- [backend] [restartedMain] .e.DevToolsPropertyDefaultsPostProcessor : For additional web related logging consider setting the 'logging.level.web' property to 'DEBUG'
2026-05-21T02:06:57.447+05:30  INFO 18221 --- [backend] [restartedMain] .s.d.r.c.RepositoryConfigurationDelegate : Bootstrapping Spring Data JPA repositories in DEFAULT mode.
2026-05-21T02:06:57.468+05:30  INFO 18221 --- [backend] [restartedMain] .s.d.r.c.RepositoryConfigurationDelegate : Finished Spring Data repository scanning in 17 ms. Found 1 JPA repository interface.
2026-05-21T02:06:57.665+05:30  INFO 18221 --- [backend] [restartedMain] o.s.boot.tomcat.TomcatWebServer          : Tomcat initialized with port 9001 (http)
2026-05-21T02:06:57.672+05:30  INFO 18221 --- [backend] [restartedMain] o.apache.catalina.core.StandardService   : Starting service [Tomcat]
2026-05-21T02:06:57.672+05:30  INFO 18221 --- [backend] [restartedMain] o.apache.catalina.core.StandardEngine    : Starting Servlet engine: [Apache Tomcat/11.0.21]
2026-05-21T02:06:57.686+05:30  INFO 18221 --- [backend] [restartedMain] b.w.c.s.WebApplicationContextInitializer : Root WebApplicationContext: initialization completed in 483 ms
2026-05-21T02:06:57.770+05:30  INFO 18221 --- [backend] [restartedMain] com.zaxxer.hikari.HikariDataSource       : HikariPool-1 - Starting...
2026-05-21T02:06:57.849+05:30  INFO 18221 --- [backend] [restartedMain] com.zaxxer.hikari.pool.HikariPool        : HikariPool-1 - Added connection conn0: url=jdbc:h2:mem:f5a7fd49-e0f6-4efc-9363-53aec68ddbf5 user=SA
2026-05-21T02:06:57.850+05:30  INFO 18221 --- [backend] [restartedMain] com.zaxxer.hikari.HikariDataSource       : HikariPool-1 - Start completed.
2026-05-21T02:06:57.865+05:30  INFO 18221 --- [backend] [restartedMain] org.hibernate.orm.jpa                    : HHH008540: Processing PersistenceUnitInfo [name: default]
2026-05-21T02:06:57.900+05:30  INFO 18221 --- [backend] [restartedMain] org.hibernate.orm.core                   : HHH000001: Hibernate ORM core version 7.2.12.Final
2026-05-21T02:06:58.089+05:30  INFO 18221 --- [backend] [restartedMain] o.s.o.j.p.SpringPersistenceUnitInfo      : No LoadTimeWeaver setup: ignoring JPA class transformer
2026-05-21T02:06:58.129+05:30  INFO 18221 --- [backend] [restartedMain] org.hibernate.orm.connections.pooling    : HHH10001005: Database info:
	Database JDBC URL [jdbc:h2:mem:f5a7fd49-e0f6-4efc-9363-53aec68ddbf5]
	Database driver: H2 JDBC Driver
	Database dialect: H2Dialect
	Database version: 2.4.240
	Default catalog/schema: F5A7FD49-E0F6-4EFC-9363-53AEC68DDBF5/PUBLIC
	Autocommit mode: undefined/unknown
	Isolation level: READ_COMMITTED [default READ_COMMITTED]
	JDBC fetch size: 100
	Pool: DataSourceConnectionProvider
	Minimum pool size: undefined/unknown
	Maximum pool size: undefined/unknown
2026-05-21T02:06:58.469+05:30  INFO 18221 --- [backend] [restartedMain] org.hibernate.orm.core                   : HHH000489: No JTA platform available (set 'hibernate.transaction.jta.platform' to enable JTA platform integration)
2026-05-21T02:06:58.488+05:30  INFO 18221 --- [backend] [restartedMain] j.LocalContainerEntityManagerFactoryBean : Initialized JPA EntityManagerFactory for persistence unit 'default'
2026-05-21T02:06:58.525+05:30  INFO 18221 --- [backend] [restartedMain] o.s.d.j.r.query.QueryEnhancerFactories   : Hibernate is in classpath; If applicable, HQL parser will be used.
2026-05-21T02:06:58.572+05:30  WARN 18221 --- [backend] [restartedMain] JpaBaseConfiguration$JpaWebConfiguration : spring.jpa.open-in-view is enabled by default. Therefore, database queries may be performed during view rendering. Explicitly configure spring.jpa.open-in-view to disable this warning
2026-05-21T02:06:58.706+05:30  INFO 18221 --- [backend] [restartedMain] o.s.boot.tomcat.TomcatWebServer          : Tomcat started on port 9001 (http) with context path '/'
2026-05-21T02:06:58.709+05:30  INFO 18221 --- [backend] [restartedMain] com.EP.backend.BackendApplication        : Started BackendApplication in 1.715 seconds (process running for 1.9)
2026-05-21T02:07:03.078+05:30  INFO 18221 --- [backend] [http-nio-9001-exec-1] o.a.c.c.C.[Tomcat].[localhost].[/]       : Initializing Spring DispatcherServlet 'dispatcherServlet'
2026-05-21T02:07:03.080+05:30  INFO 18221 --- [backend] [http-nio-9001-exec-1] o.s.web.servlet.DispatcherServlet        : Initializing Servlet 'dispatcherServlet'
2026-05-21T02:07:03.112+05:30  INFO 18221 --- [backend] [http-nio-9001-exec-1] o.s.web.servlet.DispatcherServlet        : Completed initialization in 32 ms
2026-05-21T02:07:03.244+05:30  INFO 18221 --- [backend] [http-nio-9001-exec-1] c.EP.backend.controller.HomeController   : Received request for /
2026-05-21T02:07:03.303+05:30  INFO 18221 --- [backend] [http-nio-9001-exec-1] c.E.b.controller.EmployeeController      : Received request for GET /api/employees
2026-05-21T02:07:03.303+05:30 DEBUG 18221 --- [backend] [http-nio-9001-exec-1] c.E.b.controller.EmployeeController      : Returning 5 employees
2026-05-21T02:07:03.364+05:30  INFO 18221 --- [backend] [http-nio-9001-exec-2] c.E.b.controller.EmployeeController      : Received request for GET /api/employees
2026-05-21T02:07:03.364+05:30 DEBUG 18221 --- [backend] [http-nio-9001-exec-2] c.E.b.controller.EmployeeController      : Returning 5 employees
2026-05-21T02:07:06.452+05:30  INFO 18221 --- [backend] [http-nio-9001-exec-3] c.E.b.controller.EmployeeController      : Received request for GET /api/employees/1
2026-05-21T02:07:06.455+05:30 DEBUG 18221 --- [backend] [http-nio-9001-exec-3] c.E.b.controller.EmployeeController      : Returning employee EmployeeResponse[id=1, name=Alice Johnson, email=alice@worknest.com, department=Engineering, salary=95000.0]
